2016-06-22 15:06:25,262 - 18113/MainThread - ClaptonBase.serial_instance:serial_instance.__init__ [INFO] Iniciando SerialInstance.
2016-06-22 15:06:25,263 - 18113/Thread-1 - ClaptonBase.serial_instance:serial_instance._connection [INFO] Iniciando ConnectionThread.
2016-06-22 15:06:25,269 - 18113/MainThread - ClaptonBase.serial_instance:serial_instance.check_master [INFO] Chequeando estado del master.
2016-06-22 15:06:25,269 - 18113/MainThread - ClaptonBase.serial_instance:serial_instance.check_master [INFO] Bloqueando puerto serie.
2016-06-22 15:06:27,269 - 18113/MainThread - ClaptonBase.serial_instance:serial_instance.check_master [INFO] Master: True
2016-06-22 15:06:27,274 - 18113/MainThread - ClaptonBase.serial_instance:serial_instance.stop [INFO] Parando SerialInstance.
2016-06-22 15:06:27,281 - 18113/MainThread - ClaptonBase.serial_instance:serial_instance.__init__ [INFO] Iniciando SerialInstance.
2016-06-22 15:06:27,282 - 18113/MainThread - ClaptonBase.serial_instance:serial_instance._do_connect [ERROR] Error intentando abrir el puerto serie: [Errno 2] could not open port puerto: [Errno 2] No such file or directory: 'puerto'
2016-06-22 15:06:27,282 - 18113/MainThread - ClaptonBase.serial_instance:serial_instance.stop [INFO] Parando SerialInstance.
2016-06-22 15:06:27,282 - 18113/MainThread - ClaptonBase.serial_instance:serial_instance.__init__ [INFO] Iniciando SerialInstance.
2016-06-22 15:06:27,283 - 18113/MainThread - ClaptonBase.serial_instance:serial_instance._do_reconect [ERROR] Perdimos la conexion con el puerto serie. Se intenta reconectar.
2016-06-22 15:06:27,283 - 18113/MainThread - ClaptonBase.serial_instance:serial_instance.stop [INFO] Parando SerialInstance.
2016-06-22 15:06:27,283 - 18113/MainThread - ClaptonBase.serial_instance:serial_instance.__init__ [INFO] Iniciando SerialInstance.
2016-06-22 15:06:27,284 - 18113/MainThread - ClaptonBase.serial_instance:serial_instance._do_reconect [ERROR] Perdimos la conexion con el puerto serie. Se intenta reconectar.
2016-06-22 15:06:27,284 - 18113/MainThread - ClaptonBase.serial_instance:serial_instance._do_reconect [ERROR] Error intentando abrir el puerto serie: 
2016-06-22 15:06:27,802 - 18113/MainThread - ClaptonBase.serial_instance:serial_instance.stop [INFO] Parando SerialInstance.
2016-06-22 15:06:27,803 - 18113/MainThread - ClaptonBase.serial_instance:serial_instance.__init__ [INFO] Iniciando SerialInstance.
2016-06-22 15:06:27,804 - 18113/MainThread - ClaptonBase.serial_instance:serial_instance._do_reconect [ERROR] Perdimos la conexion con el puerto serie. Se intenta reconectar.
2016-06-22 15:06:27,804 - 18113/MainThread - ClaptonBase.serial_instance:serial_instance._do_reconect [ERROR] Error intentando abrir el puerto serie: 
2016-06-22 15:06:27,982 - 18113/MainThread - ClaptonBase.serial_instance:serial_instance._do_reconect [ERROR] Error intentando abrir el puerto serie: 
2016-06-22 15:06:28,494 - 18113/MainThread - ClaptonBase.serial_instance:serial_instance._do_reconect [ERROR] Error intentando abrir el puerto serie: 
2016-06-22 15:06:28,617 - 18113/MainThread - ClaptonBase.serial_instance:serial_instance._do_reconect [ERROR] Error intentando abrir el puerto serie: 
2016-06-22 15:06:29,546 - 18113/MainThread - ClaptonBase.serial_instance:serial_instance._do_reconect [ERROR] Error intentando abrir el puerto serie: 
2016-06-22 15:06:34,993 - 18113/MainThread - ClaptonBase.serial_instance:serial_instance._do_reconect [ERROR] Error intentando abrir el puerto serie: 
2016-06-22 15:06:40,139 - 18113/MainThread - ClaptonBase.serial_instance:serial_instance.stop [INFO] Parando SerialInstance.
2016-06-22 15:06:40,141 - 18113/MainThread - ClaptonBase.serial_instance:serial_instance.__init__ [INFO] Iniciando SerialInstance.
2016-06-22 15:06:40,142 - 18113/Thread-6 - ClaptonBase.serial_instance:serial_instance._connection [INFO] Iniciando ConnectionThread.
2016-06-22 15:06:40,148 - 18113/MainThread - ClaptonBase.serial_instance:serial_instance.check_master [INFO] Chequeando estado del master.
2016-06-22 15:06:40,148 - 18113/MainThread - ClaptonBase.serial_instance:serial_instance.check_master [INFO] Bloqueando puerto serie.
2016-06-22 15:06:42,152 - 18113/MainThread - ClaptonBase.serial_instance:serial_instance.check_master [INFO] Master: True
2016-06-22 15:06:42,158 - 18113/MainThread - ClaptonBase.serial_instance:serial_instance.stop [INFO] Parando SerialInstance.
2016-06-22 15:06:42,159 - 18113/MainThread - ClaptonBase.serial_instance:serial_instance.__init__ [INFO] Iniciando SerialInstance.
2016-06-22 15:06:42,160 - 18113/Thread-7 - ClaptonBase.serial_instance:serial_instance._connection [INFO] Iniciando ConnectionThread.
2016-06-22 15:06:42,165 - 18113/MainThread - ClaptonBase.serial_instance:serial_instance.check_master [INFO] Chequeando estado del master.
2016-06-22 15:06:42,171 - 18113/MainThread - ClaptonBase.serial_instance:serial_instance.check_master [INFO] Bloqueando puerto serie.
2016-06-22 15:06:44,171 - 18113/MainThread - ClaptonBase.serial_instance:serial_instance.check_master [INFO] Master: True
2016-06-22 15:06:44,171 - 18113/MainThread - ClaptonBase.serial_instance:serial_instance.stop [INFO] Parando SerialInstance.
2016-06-22 15:06:44,172 - 18113/MainThread - ClaptonBase.serial_instance:serial_instance.__init__ [INFO] Iniciando SerialInstance.
2016-06-22 15:06:44,172 - 18113/Thread-8 - ClaptonBase.serial_instance:serial_instance._connection [INFO] Iniciando ConnectionThread.
2016-06-22 15:06:44,173 - 18113/MainThread - ClaptonBase.serial_instance:serial_instance.check_master [INFO] Chequeando estado del master.
2016-06-22 15:06:44,178 - 18113/MainThread - ClaptonBase.serial_instance:serial_instance.check_master [INFO] Bloqueando puerto serie.
2016-06-22 15:06:46,178 - 18113/MainThread - ClaptonBase.serial_instance:serial_instance.check_master [INFO] Master: True
2016-06-22 15:06:46,178 - 18113/MainThread - ClaptonBase.serial_instance:serial_instance.stop [INFO] Parando SerialInstance.
2016-06-22 15:06:46,179 - 18113/MainThread - ClaptonBase.serial_instance:serial_instance.__init__ [INFO] Iniciando SerialInstance.
2016-06-22 15:06:46,179 - 18113/Thread-9 - ClaptonBase.serial_instance:serial_instance._connection [INFO] Iniciando ConnectionThread.
2016-06-22 15:06:46,185 - 18113/MainThread - ClaptonBase.serial_instance:serial_instance.check_master [INFO] Chequeando estado del master.
2016-06-22 15:06:46,185 - 18113/MainThread - ClaptonBase.serial_instance:serial_instance.check_master [INFO] Bloqueando puerto serie.
2016-06-22 15:06:48,185 - 18113/MainThread - ClaptonBase.serial_instance:serial_instance.check_master [INFO] Master: True
2016-06-22 15:06:48,185 - 18113/MainThread - ClaptonBase.serial_instance:serial_instance.send_paq [ERROR] No hay respuesta del echo en paquete para el nodo 1
2016-06-22 15:06:48,186 - 18113/MainThread - ClaptonBase.serial_instance:serial_instance.stop [INFO] Parando SerialInstance.
2016-06-22 15:06:48,187 - 18113/MainThread - ClaptonBase.serial_instance:serial_instance.__init__ [INFO] Iniciando SerialInstance.
2016-06-22 15:06:48,187 - 18113/Thread-10 - ClaptonBase.serial_instance:serial_instance._connection [INFO] Iniciando ConnectionThread.
2016-06-22 15:06:48,187 - 18113/MainThread - ClaptonBase.serial_instance:serial_instance.check_master [INFO] Chequeando estado del master.
2016-06-22 15:06:48,192 - 18113/MainThread - ClaptonBase.serial_instance:serial_instance.check_master [INFO] Bloqueando puerto serie.
2016-06-22 15:06:50,198 - 18113/MainThread - ClaptonBase.serial_instance:serial_instance.check_master [INFO] Master: True
2016-06-22 15:06:50,198 - 18113/MainThread - ClaptonBase.serial_instance:serial_instance.stop [INFO] Parando SerialInstance.
2016-06-22 15:06:50,204 - 18113/MainThread - ClaptonBase.serial_instance:serial_instance.__init__ [INFO] Iniciando SerialInstance.
2016-06-22 15:06:50,205 - 18113/Thread-11 - ClaptonBase.serial_instance:serial_instance._connection [INFO] Iniciando ConnectionThread.
2016-06-22 15:06:50,205 - 18113/MainThread - ClaptonBase.serial_instance:serial_instance.check_master [INFO] Chequeando estado del master.
2016-06-22 15:06:50,216 - 18113/MainThread - ClaptonBase.serial_instance:serial_instance.check_master [INFO] Bloqueando puerto serie.
2016-06-22 15:06:52,216 - 18113/MainThread - ClaptonBase.serial_instance:serial_instance.check_master [INFO] Master: True
2016-06-22 15:06:52,216 - 18113/MainThread - ClaptonBase.serial_instance:serial_instance.stop [INFO] Parando SerialInstance.
2016-06-22 15:06:52,217 - 18113/MainThread - ClaptonBase.serial_instance:serial_instance.__init__ [INFO] Iniciando SerialInstance.
2016-06-22 15:06:52,217 - 18113/Thread-12 - ClaptonBase.serial_instance:serial_instance._connection [INFO] Iniciando ConnectionThread.
2016-06-22 15:06:52,223 - 18113/MainThread - ClaptonBase.serial_instance:serial_instance.check_master [INFO] Chequeando estado del master.
2016-06-22 15:06:52,223 - 18113/MainThread - ClaptonBase.serial_instance:serial_instance.check_master [INFO] Bloqueando puerto serie.
2016-06-22 15:06:54,228 - 18113/MainThread - ClaptonBase.serial_instance:serial_instance.check_master [INFO] Master: True
2016-06-22 15:06:54,228 - 18113/MainThread - ClaptonBase.serial_instance:serial_instance.read_paq [ERROR] Error en puerto serie.
2016-06-22 15:06:54,229 - 18113/MainThread - ClaptonBase.serial_instance:serial_instance.stop [INFO] Parando SerialInstance.
2016-06-22 15:06:54,229 - 18113/Thread-12 - ClaptonBase.serial_instance:serial_instance._do_reconect [ERROR] Perdimos la conexion con el puerto serie. Se intenta reconectar.
2016-06-22 15:06:54,229 - 18113/MainThread - ClaptonBase.serial_instance:serial_instance.__init__ [INFO] Iniciando SerialInstance.
2016-06-22 15:06:54,230 - 18113/Thread-13 - ClaptonBase.serial_instance:serial_instance._connection [INFO] Iniciando ConnectionThread.
2016-06-22 15:06:54,235 - 18113/MainThread - ClaptonBase.serial_instance:serial_instance.check_master [INFO] Chequeando estado del master.
2016-06-22 15:06:54,235 - 18113/MainThread - ClaptonBase.serial_instance:serial_instance.check_master [INFO] Bloqueando puerto serie.
2016-06-22 15:06:56,241 - 18113/MainThread - ClaptonBase.serial_instance:serial_instance.check_master [INFO] Master: True
2016-06-22 15:06:56,241 - 18113/MainThread - ClaptonBase.serial_instance:serial_instance.check_master [INFO] Chequeando estado del master.
2016-06-22 15:06:56,241 - 18113/MainThread - ClaptonBase.serial_instance:serial_instance.check_master [INFO] Bloqueando puerto serie.
2016-06-22 15:06:58,245 - 18113/MainThread - ClaptonBase.serial_instance:serial_instance.check_master [INFO] Master: True
2016-06-22 15:06:58,245 - 18113/MainThread - ClaptonBase.serial_instance:serial_instance.stop [INFO] Parando SerialInstance.
2016-06-22 15:06:58,246 - 18113/MainThread - ClaptonBase.serial_instance:serial_instance.__init__ [INFO] Iniciando SerialInstance.
2016-06-22 15:06:58,247 - 18113/Thread-14 - ClaptonBase.serial_instance:serial_instance._connection [INFO] Iniciando ConnectionThread.
2016-06-22 15:06:58,252 - 18113/MainThread - ClaptonBase.serial_instance:serial_instance.check_master [INFO] Chequeando estado del master.
2016-06-22 15:06:58,257 - 18113/MainThread - ClaptonBase.serial_instance:serial_instance.check_master [INFO] Bloqueando puerto serie.
2016-06-22 15:07:00,263 - 18113/MainThread - ClaptonBase.serial_instance:serial_instance.check_master [INFO] Master: True
2016-06-22 15:07:00,263 - 18113/MainThread - ClaptonBase.serial_instance:serial_instance.check_master [INFO] Chequeando estado del master.
2016-06-22 15:07:00,268 - 18113/MainThread - ClaptonBase.serial_instance:serial_instance.check_master [INFO] Bloqueando puerto serie.
2016-06-22 15:07:00,268 - 18113/MainThread - ClaptonBase.serial_instance:serial_instance.check_master [INFO] Master: False
2016-06-22 15:07:00,274 - 18113/MainThread - ClaptonBase.serial_instance:serial_instance.stop [INFO] Parando SerialInstance.
2016-06-22 15:07:00,274 - 18113/MainThread - ClaptonBase.serial_instance:serial_instance.__init__ [INFO] Iniciando SerialInstance.
2016-06-22 15:07:00,275 - 18113/Thread-15 - ClaptonBase.serial_instance:serial_instance._connection [INFO] Iniciando ConnectionThread.
2016-06-22 15:07:00,280 - 18113/MainThread - ClaptonBase.serial_instance:serial_instance.check_master [INFO] Chequeando estado del master.
2016-06-22 15:07:00,280 - 18113/MainThread - ClaptonBase.serial_instance:serial_instance.check_master [INFO] Bloqueando puerto serie.
2016-06-22 15:07:02,285 - 18113/MainThread - ClaptonBase.serial_instance:serial_instance.check_master [INFO] Master: True
2016-06-22 15:07:02,286 - 18113/MainThread - ClaptonBase.serial_instance:serial_instance.check_master [INFO] Chequeando estado del master.
2016-06-22 15:07:02,286 - 18113/MainThread - ClaptonBase.serial_instance:serial_instance.check_master [INFO] Bloqueando puerto serie.
2016-06-22 15:07:02,291 - 18113/MainThread - ClaptonBase.serial_instance:serial_instance.stop [INFO] Parando SerialInstance.
2016-06-22 15:07:02,291 - 18113/Thread-15 - ClaptonBase.serial_instance:serial_instance._do_reconect [ERROR] Perdimos la conexion con el puerto serie. Se intenta reconectar.
2016-06-22 15:07:02,292 - 18113/MainThread - ClaptonBase.serial_instance:serial_instance.__init__ [INFO] Iniciando SerialInstance.
2016-06-22 15:07:02,292 - 18113/Thread-16 - ClaptonBase.serial_instance:serial_instance._connection [INFO] Iniciando ConnectionThread.
2016-06-22 15:07:02,298 - 18113/MainThread - ClaptonBase.serial_instance:serial_instance.check_master [INFO] Chequeando estado del master.
2016-06-22 15:07:02,298 - 18113/MainThread - ClaptonBase.serial_instance:serial_instance.check_master [INFO] Bloqueando puerto serie.
2016-06-22 15:07:04,303 - 18113/MainThread - ClaptonBase.serial_instance:serial_instance.check_master [INFO] Master: True
2016-06-22 15:07:05,145 - 18113/MainThread - ClaptonBase.serial_instance:serial_instance.stop [INFO] Parando SerialInstance.
2016-06-22 15:07:19,111 - 18184/MainThread - ClaptonBase.serial_instance:serial_instance.__init__ [INFO] Iniciando SerialInstance.
2016-06-22 15:07:19,112 - 18184/Thread-1 - ClaptonBase.serial_instance:serial_instance._connection [INFO] Iniciando ConnectionThread.
2016-06-22 15:07:19,117 - 18184/MainThread - ClaptonBase.serial_instance:serial_instance.check_master [INFO] Chequeando estado del master.
2016-06-22 15:07:19,117 - 18184/MainThread - ClaptonBase.serial_instance:serial_instance.check_master [INFO] Bloqueando puerto serie.
2016-06-22 15:07:21,117 - 18184/MainThread - ClaptonBase.serial_instance:serial_instance.check_master [INFO] Master: True
2016-06-22 15:07:21,117 - 18184/MainThread - ClaptonBase.serial_instance:serial_instance.stop [INFO] Parando SerialInstance.
2016-06-22 15:07:21,118 - 18184/MainThread - ClaptonBase.serial_instance:serial_instance.__init__ [INFO] Iniciando SerialInstance.
2016-06-22 15:07:21,119 - 18184/MainThread - ClaptonBase.serial_instance:serial_instance._do_connect [ERROR] Error intentando abrir el puerto serie: [Errno 2] could not open port puerto: [Errno 2] No such file or directory: 'puerto'
2016-06-22 15:07:21,119 - 18184/MainThread - ClaptonBase.serial_instance:serial_instance.stop [INFO] Parando SerialInstance.
2016-06-22 15:07:21,119 - 18184/MainThread - ClaptonBase.serial_instance:serial_instance.__init__ [INFO] Iniciando SerialInstance.
2016-06-22 15:07:21,119 - 18184/MainThread - ClaptonBase.serial_instance:serial_instance._do_reconect [ERROR] Perdimos la conexion con el puerto serie. Se intenta reconectar.
2016-06-22 15:07:21,119 - 18184/MainThread - ClaptonBase.serial_instance:serial_instance.stop [INFO] Parando SerialInstance.
2016-06-22 15:07:21,120 - 18184/MainThread - ClaptonBase.serial_instance:serial_instance.__init__ [INFO] Iniciando SerialInstance.
2016-06-22 15:07:21,120 - 18184/MainThread - ClaptonBase.serial_instance:serial_instance._do_reconect [ERROR] Perdimos la conexion con el puerto serie. Se intenta reconectar.
2016-06-22 15:07:21,120 - 18184/MainThread - ClaptonBase.serial_instance:serial_instance._do_reconect [ERROR] Error intentando abrir el puerto serie: 
2016-06-22 15:07:21,676 - 18184/MainThread - ClaptonBase.serial_instance:serial_instance.stop [INFO] Parando SerialInstance.
2016-06-22 15:07:21,676 - 18184/MainThread - ClaptonBase.serial_instance:serial_instance.__init__ [INFO] Iniciando SerialInstance.
2016-06-22 15:07:21,677 - 18184/MainThread - ClaptonBase.serial_instance:serial_instance._do_reconect [ERROR] Perdimos la conexion con el puerto serie. Se intenta reconectar.
2016-06-22 15:07:21,677 - 18184/MainThread - ClaptonBase.serial_instance:serial_instance._do_reconect [ERROR] Error intentando abrir el puerto serie: 
2016-06-22 15:07:22,541 - 18184/MainThread - ClaptonBase.serial_instance:serial_instance._do_reconect [ERROR] Error intentando abrir el puerto serie: 
2016-06-22 15:07:22,965 - 18184/MainThread - ClaptonBase.serial_instance:serial_instance._do_reconect [ERROR] Error intentando abrir el puerto serie: 
2016-06-22 15:07:23,261 - 18184/MainThread - ClaptonBase.serial_instance:serial_instance._do_reconect [ERROR] Error intentando abrir el puerto serie: 
2016-06-22 15:07:23,830 - 18184/MainThread - ClaptonBase.serial_instance:serial_instance._do_reconect [ERROR] Error intentando abrir el puerto serie: 
2016-06-22 15:07:29,370 - 18184/MainThread - ClaptonBase.serial_instance:serial_instance._do_reconect [ERROR] Error intentando abrir el puerto serie: 
2016-06-22 15:07:34,765 - 18184/MainThread - ClaptonBase.serial_instance:serial_instance.stop [INFO] Parando SerialInstance.
2016-06-22 15:07:34,767 - 18184/MainThread - ClaptonBase.serial_instance:serial_instance.__init__ [INFO] Iniciando SerialInstance.
2016-06-22 15:07:34,768 - 18184/Thread-6 - ClaptonBase.serial_instance:serial_instance._connection [INFO] Iniciando ConnectionThread.
2016-06-22 15:07:34,769 - 18184/MainThread - ClaptonBase.serial_instance:serial_instance.check_master [INFO] Chequeando estado del master.
2016-06-22 15:07:34,779 - 18184/MainThread - ClaptonBase.serial_instance:serial_instance.check_master [INFO] Bloqueando puerto serie.
2016-06-22 15:07:36,785 - 18184/MainThread - ClaptonBase.serial_instance:serial_instance.check_master [INFO] Master: True
2016-06-22 15:07:36,785 - 18184/MainThread - ClaptonBase.serial_instance:serial_instance.stop [INFO] Parando SerialInstance.
2016-06-22 15:07:36,786 - 18184/MainThread - ClaptonBase.serial_instance:serial_instance.__init__ [INFO] Iniciando SerialInstance.
2016-06-22 15:07:36,786 - 18184/Thread-7 - ClaptonBase.serial_instance:serial_instance._connection [INFO] Iniciando ConnectionThread.
2016-06-22 15:07:36,792 - 18184/MainThread - ClaptonBase.serial_instance:serial_instance.check_master [INFO] Chequeando estado del master.
2016-06-22 15:07:36,797 - 18184/MainThread - ClaptonBase.serial_instance:serial_instance.check_master [INFO] Bloqueando puerto serie.
2016-06-22 15:07:38,802 - 18184/MainThread - ClaptonBase.serial_instance:serial_instance.check_master [INFO] Master: True
2016-06-22 15:07:38,802 - 18184/MainThread - ClaptonBase.serial_instance:serial_instance.stop [INFO] Parando SerialInstance.
2016-06-22 15:07:38,803 - 18184/MainThread - ClaptonBase.serial_instance:serial_instance.__init__ [INFO] Iniciando SerialInstance.
2016-06-22 15:07:38,803 - 18184/Thread-8 - ClaptonBase.serial_instance:serial_instance._connection [INFO] Iniciando ConnectionThread.
2016-06-22 15:07:38,804 - 18184/MainThread - ClaptonBase.serial_instance:serial_instance.check_master [INFO] Chequeando estado del master.
2016-06-22 15:07:38,809 - 18184/MainThread - ClaptonBase.serial_instance:serial_instance.check_master [INFO] Bloqueando puerto serie.
2016-06-22 15:07:40,809 - 18184/MainThread - ClaptonBase.serial_instance:serial_instance.check_master [INFO] Master: True
2016-06-22 15:07:40,814 - 18184/MainThread - ClaptonBase.serial_instance:serial_instance.stop [INFO] Parando SerialInstance.
2016-06-22 15:07:40,815 - 18184/MainThread - ClaptonBase.serial_instance:serial_instance.__init__ [INFO] Iniciando SerialInstance.
2016-06-22 15:07:40,816 - 18184/Thread-9 - ClaptonBase.serial_instance:serial_instance._connection [INFO] Iniciando ConnectionThread.
2016-06-22 15:07:40,821 - 18184/MainThread - ClaptonBase.serial_instance:serial_instance.check_master [INFO] Chequeando estado del master.
2016-06-22 15:07:40,821 - 18184/MainThread - ClaptonBase.serial_instance:serial_instance.check_master [INFO] Bloqueando puerto serie.
2016-06-22 15:07:42,821 - 18184/MainThread - ClaptonBase.serial_instance:serial_instance.check_master [INFO] Master: True
2016-06-22 15:07:42,822 - 18184/MainThread - ClaptonBase.serial_instance:serial_instance.send_paq [ERROR] No hay respuesta del echo en paquete para el nodo 1
2016-06-22 15:07:42,822 - 18184/MainThread - ClaptonBase.serial_instance:serial_instance.stop [INFO] Parando SerialInstance.
2016-06-22 15:07:42,822 - 18184/MainThread - ClaptonBase.serial_instance:serial_instance.__init__ [INFO] Iniciando SerialInstance.
2016-06-22 15:07:42,823 - 18184/Thread-10 - ClaptonBase.serial_instance:serial_instance._connection [INFO] Iniciando ConnectionThread.
2016-06-22 15:07:42,828 - 18184/MainThread - ClaptonBase.serial_instance:serial_instance.check_master [INFO] Chequeando estado del master.
2016-06-22 15:07:42,828 - 18184/MainThread - ClaptonBase.serial_instance:serial_instance.check_master [INFO] Bloqueando puerto serie.
2016-06-22 15:07:44,828 - 18184/MainThread - ClaptonBase.serial_instance:serial_instance.check_master [INFO] Master: True
2016-06-22 15:07:44,829 - 18184/MainThread - ClaptonBase.serial_instance:serial_instance.stop [INFO] Parando SerialInstance.
2016-06-22 15:07:44,835 - 18184/MainThread - ClaptonBase.serial_instance:serial_instance.__init__ [INFO] Iniciando SerialInstance.
2016-06-22 15:07:44,835 - 18184/Thread-11 - ClaptonBase.serial_instance:serial_instance._connection [INFO] Iniciando ConnectionThread.
2016-06-22 15:07:44,840 - 18184/MainThread - ClaptonBase.serial_instance:serial_instance.check_master [INFO] Chequeando estado del master.
2016-06-22 15:07:44,841 - 18184/MainThread - ClaptonBase.serial_instance:serial_instance.check_master [INFO] Bloqueando puerto serie.
2016-06-22 15:07:46,845 - 18184/MainThread - ClaptonBase.serial_instance:serial_instance.check_master [INFO] Master: True
2016-06-22 15:07:46,850 - 18184/MainThread - ClaptonBase.serial_instance:serial_instance.stop [INFO] Parando SerialInstance.
2016-06-22 15:07:46,857 - 18184/MainThread - ClaptonBase.serial_instance:serial_instance.__init__ [INFO] Iniciando SerialInstance.
2016-06-22 15:07:46,858 - 18184/Thread-12 - ClaptonBase.serial_instance:serial_instance._connection [INFO] Iniciando ConnectionThread.
2016-06-22 15:07:46,859 - 18184/MainThread - ClaptonBase.serial_instance:serial_instance.check_master [INFO] Chequeando estado del master.
2016-06-22 15:07:46,869 - 18184/MainThread - ClaptonBase.serial_instance:serial_instance.check_master [INFO] Bloqueando puerto serie.
2016-06-22 15:07:48,875 - 18184/MainThread - ClaptonBase.serial_instance:serial_instance.check_master [INFO] Master: True
2016-06-22 15:07:48,875 - 18184/MainThread - ClaptonBase.serial_instance:serial_instance.read_paq [ERROR] Error en puerto serie.
2016-06-22 15:07:48,875 - 18184/MainThread - ClaptonBase.serial_instance:serial_instance.stop [INFO] Parando SerialInstance.
2016-06-22 15:07:48,875 - 18184/Thread-12 - ClaptonBase.serial_instance:serial_instance._do_reconect [ERROR] Perdimos la conexion con el puerto serie. Se intenta reconectar.
2016-06-22 15:07:48,876 - 18184/MainThread - ClaptonBase.serial_instance:serial_instance.__init__ [INFO] Iniciando SerialInstance.
2016-06-22 15:07:48,876 - 18184/Thread-13 - ClaptonBase.serial_instance:serial_instance._connection [INFO] Iniciando ConnectionThread.
2016-06-22 15:07:48,876 - 18184/MainThread - ClaptonBase.serial_instance:serial_instance.check_master [INFO] Chequeando estado del master.
2016-06-22 15:07:48,882 - 18184/MainThread - ClaptonBase.serial_instance:serial_instance.check_master [INFO] Bloqueando puerto serie.
2016-06-22 15:07:50,887 - 18184/MainThread - ClaptonBase.serial_instance:serial_instance.check_master [INFO] Master: True
2016-06-22 15:07:50,892 - 18184/MainThread - ClaptonBase.serial_instance:serial_instance.check_master [INFO] Chequeando estado del master.
2016-06-22 15:07:50,893 - 18184/MainThread - ClaptonBase.serial_instance:serial_instance.check_master [INFO] Bloqueando puerto serie.
2016-06-22 15:07:52,893 - 18184/MainThread - ClaptonBase.serial_instance:serial_instance.check_master [INFO] Master: True
2016-06-22 15:07:52,893 - 18184/MainThread - ClaptonBase.serial_instance:serial_instance.stop [INFO] Parando SerialInstance.
2016-06-22 15:07:52,894 - 18184/MainThread - ClaptonBase.serial_instance:serial_instance.__init__ [INFO] Iniciando SerialInstance.
2016-06-22 15:07:52,894 - 18184/Thread-14 - ClaptonBase.serial_instance:serial_instance._connection [INFO] Iniciando ConnectionThread.
2016-06-22 15:07:52,900 - 18184/MainThread - ClaptonBase.serial_instance:serial_instance.check_master [INFO] Chequeando estado del master.
2016-06-22 15:07:52,900 - 18184/MainThread - ClaptonBase.serial_instance:serial_instance.check_master [INFO] Bloqueando puerto serie.
2016-06-22 15:07:54,907 - 18184/MainThread - ClaptonBase.serial_instance:serial_instance.check_master [INFO] Master: True
2016-06-22 15:07:54,908 - 18184/MainThread - ClaptonBase.serial_instance:serial_instance.check_master [INFO] Chequeando estado del master.
2016-06-22 15:07:54,913 - 18184/MainThread - ClaptonBase.serial_instance:serial_instance.check_master [INFO] Bloqueando puerto serie.
2016-06-22 15:07:54,923 - 18184/MainThread - ClaptonBase.serial_instance:serial_instance.check_master [INFO] Master: False
2016-06-22 15:07:54,928 - 18184/MainThread - ClaptonBase.serial_instance:serial_instance.stop [INFO] Parando SerialInstance.
2016-06-22 15:07:54,934 - 18184/MainThread - ClaptonBase.serial_instance:serial_instance.__init__ [INFO] Iniciando SerialInstance.
2016-06-22 15:07:54,935 - 18184/Thread-15 - ClaptonBase.serial_instance:serial_instance._connection [INFO] Iniciando ConnectionThread.
2016-06-22 15:07:54,935 - 18184/MainThread - ClaptonBase.serial_instance:serial_instance.check_master [INFO] Chequeando estado del master.
2016-06-22 15:07:54,940 - 18184/MainThread - ClaptonBase.serial_instance:serial_instance.check_master [INFO] Bloqueando puerto serie.
2016-06-22 15:07:56,945 - 18184/MainThread - ClaptonBase.serial_instance:serial_instance.check_master [INFO] Master: True
2016-06-22 15:07:56,945 - 18184/MainThread - ClaptonBase.serial_instance:serial_instance.check_master [INFO] Chequeando estado del master.
2016-06-22 15:07:56,945 - 18184/MainThread - ClaptonBase.serial_instance:serial_instance.check_master [INFO] Bloqueando puerto serie.
2016-06-22 15:07:56,945 - 18184/MainThread - ClaptonBase.serial_instance:serial_instance.stop [INFO] Parando SerialInstance.
2016-06-22 15:07:56,945 - 18184/Thread-15 - ClaptonBase.serial_instance:serial_instance._do_reconect [ERROR] Perdimos la conexion con el puerto serie. Se intenta reconectar.
2016-06-22 15:07:56,946 - 18184/MainThread - ClaptonBase.serial_instance:serial_instance.__init__ [INFO] Iniciando SerialInstance.
2016-06-22 15:07:56,947 - 18184/Thread-16 - ClaptonBase.serial_instance:serial_instance._connection [INFO] Iniciando ConnectionThread.
2016-06-22 15:07:56,952 - 18184/MainThread - ClaptonBase.serial_instance:serial_instance.check_master [INFO] Chequeando estado del master.
2016-06-22 15:07:56,957 - 18184/MainThread - ClaptonBase.serial_instance:serial_instance.check_master [INFO] Bloqueando puerto serie.
2016-06-22 15:07:58,960 - 18184/MainThread - ClaptonBase.serial_instance:serial_instance.check_master [INFO] Master: True
2016-06-22 15:07:59,871 - 18184/MainThread - ClaptonBase.serial_instance:serial_instance.stop [INFO] Parando SerialInstance.
2016-06-22 15:13:24,564 - 18451/MainThread - ClaptonBase.serial_instance:serial_instance.__init__ [INFO] Iniciando SerialInstance.
2016-06-22 15:13:24,564 - 18451/Thread-1 - ClaptonBase.serial_instance:serial_instance._connection [INFO] Iniciando ConnectionThread.
2016-06-22 15:13:24,570 - 18451/MainThread - ClaptonBase.serial_instance:serial_instance.check_master [INFO] Chequeando estado del master.
2016-06-22 15:13:24,570 - 18451/MainThread - ClaptonBase.serial_instance:serial_instance.check_master [INFO] Bloqueando puerto serie.
2016-06-22 15:13:26,574 - 18451/MainThread - ClaptonBase.serial_instance:serial_instance.check_master [INFO] Master: True
2016-06-22 15:13:26,574 - 18451/MainThread - ClaptonBase.serial_instance:serial_instance.stop [INFO] Parando SerialInstance.
2016-06-22 15:13:26,580 - 18451/MainThread - ClaptonBase.serial_instance:serial_instance.__init__ [INFO] Iniciando SerialInstance.
2016-06-22 15:13:26,580 - 18451/MainThread - ClaptonBase.serial_instance:serial_instance._do_connect [ERROR] Error intentando abrir el puerto serie: [Errno 2] could not open port puerto: [Errno 2] No such file or directory: 'puerto'
2016-06-22 15:13:26,581 - 18451/MainThread - ClaptonBase.serial_instance:serial_instance.stop [INFO] Parando SerialInstance.
2016-06-22 15:13:26,581 - 18451/MainThread - ClaptonBase.serial_instance:serial_instance.__init__ [INFO] Iniciando SerialInstance.
2016-06-22 15:13:26,581 - 18451/MainThread - ClaptonBase.serial_instance:serial_instance._do_reconect [ERROR] Perdimos la conexion con el puerto serie. Se intenta reconectar.
2016-06-22 15:13:26,581 - 18451/MainThread - ClaptonBase.serial_instance:serial_instance.stop [INFO] Parando SerialInstance.
2016-06-22 15:13:26,582 - 18451/MainThread - ClaptonBase.serial_instance:serial_instance.__init__ [INFO] Iniciando SerialInstance.
2016-06-22 15:13:26,582 - 18451/MainThread - ClaptonBase.serial_instance:serial_instance._do_reconect [ERROR] Perdimos la conexion con el puerto serie. Se intenta reconectar.
2016-06-22 15:13:26,582 - 18451/MainThread - ClaptonBase.serial_instance:serial_instance._do_reconect [ERROR] Error intentando abrir el puerto serie: 
2016-06-22 15:13:26,794 - 18451/MainThread - ClaptonBase.serial_instance:serial_instance.stop [INFO] Parando SerialInstance.
2016-06-22 15:13:26,795 - 18451/MainThread - ClaptonBase.serial_instance:serial_instance.__init__ [INFO] Iniciando SerialInstance.
2016-06-22 15:13:26,797 - 18451/MainThread - ClaptonBase.serial_instance:serial_instance._do_reconect [ERROR] Perdimos la conexion con el puerto serie. Se intenta reconectar.
2016-06-22 15:13:26,797 - 18451/MainThread - ClaptonBase.serial_instance:serial_instance._do_reconect [ERROR] Error intentando abrir el puerto serie: 
2016-06-22 15:13:26,937 - 18451/MainThread - ClaptonBase.serial_instance:serial_instance._do_reconect [ERROR] Error intentando abrir el puerto serie: 
2016-06-22 15:13:27,385 - 18451/MainThread - ClaptonBase.serial_instance:serial_instance._do_reconect [ERROR] Error intentando abrir el puerto serie: 
2016-06-22 15:13:27,772 - 18451/MainThread - ClaptonBase.serial_instance:serial_instance._do_reconect [ERROR] Error intentando abrir el puerto serie: 
2016-06-22 15:13:28,754 - 18451/MainThread - ClaptonBase.serial_instance:serial_instance._do_reconect [ERROR] Error intentando abrir el puerto serie: 
2016-06-22 15:13:34,459 - 18451/MainThread - ClaptonBase.serial_instance:serial_instance._do_reconect [ERROR] Error intentando abrir el puerto serie: 
2016-06-22 15:13:39,489 - 18451/MainThread - ClaptonBase.serial_instance:serial_instance.stop [INFO] Parando SerialInstance.
2016-06-22 15:13:39,490 - 18451/MainThread - ClaptonBase.serial_instance:serial_instance.__init__ [INFO] Iniciando SerialInstance.
2016-06-22 15:13:39,491 - 18451/MainThread - ClaptonBase.serial_instance:serial_instance.stop [INFO] Parando SerialInstance.
2016-06-22 15:13:39,492 - 18451/MainThread - ClaptonBase.serial_instance:serial_instance.__init__ [INFO] Iniciando SerialInstance.
2016-06-22 15:13:39,493 - 18451/MainThread - ClaptonBase.serial_instance:serial_instance.stop [INFO] Parando SerialInstance.
2016-06-22 15:13:39,494 - 18451/MainThread - ClaptonBase.serial_instance:serial_instance.__init__ [INFO] Iniciando SerialInstance.
2016-06-22 15:13:39,494 - 18451/MainThread - ClaptonBase.serial_instance:serial_instance.stop [INFO] Parando SerialInstance.
2016-06-22 15:13:39,495 - 18451/MainThread - ClaptonBase.serial_instance:serial_instance.__init__ [INFO] Iniciando SerialInstance.
2016-06-22 15:13:39,496 - 18451/MainThread - ClaptonBase.serial_instance:serial_instance.send_paq [ERROR] No hay respuesta del echo en paquete para el nodo 1
2016-06-22 15:13:39,496 - 18451/MainThread - ClaptonBase.serial_instance:serial_instance.stop [INFO] Parando SerialInstance.
2016-06-22 15:13:39,497 - 18451/MainThread - ClaptonBase.serial_instance:serial_instance.__init__ [INFO] Iniciando SerialInstance.
2016-06-22 15:13:39,498 - 18451/MainThread - ClaptonBase.serial_instance:serial_instance.stop [INFO] Parando SerialInstance.
2016-06-22 15:13:39,498 - 18451/MainThread - ClaptonBase.serial_instance:serial_instance.__init__ [INFO] Iniciando SerialInstance.
2016-06-22 15:13:39,499 - 18451/MainThread - ClaptonBase.serial_instance:serial_instance.stop [INFO] Parando SerialInstance.
2016-06-22 15:13:39,499 - 18451/MainThread - ClaptonBase.serial_instance:serial_instance.__init__ [INFO] Iniciando SerialInstance.
2016-06-22 15:13:39,500 - 18451/MainThread - ClaptonBase.serial_instance:serial_instance.read_paq [ERROR] Error en puerto serie.
2016-06-22 15:13:39,500 - 18451/MainThread - ClaptonBase.serial_instance:serial_instance.stop [INFO] Parando SerialInstance.
2016-06-22 15:13:39,501 - 18451/MainThread - ClaptonBase.serial_instance:serial_instance.__init__ [INFO] Iniciando SerialInstance.
2016-06-22 15:13:39,501 - 18451/MainThread - ClaptonBase.serial_instance:serial_instance.check_master [INFO] Chequeando estado del master.
2016-06-22 15:13:39,501 - 18451/MainThread - ClaptonBase.serial_instance:serial_instance.check_master [INFO] Bloqueando puerto serie.
2016-06-22 15:13:41,501 - 18451/MainThread - ClaptonBase.serial_instance:serial_instance.check_master [INFO] Master: True
2016-06-22 15:13:41,502 - 18451/MainThread - ClaptonBase.serial_instance:serial_instance.stop [INFO] Parando SerialInstance.
2016-06-22 15:13:41,502 - 18451/MainThread - ClaptonBase.serial_instance:serial_instance.__init__ [INFO] Iniciando SerialInstance.
2016-06-22 15:13:41,503 - 18451/MainThread - ClaptonBase.serial_instance:serial_instance.check_master [INFO] Chequeando estado del master.
2016-06-22 15:13:41,503 - 18451/MainThread - ClaptonBase.serial_instance:serial_instance.check_master [INFO] Bloqueando puerto serie.
2016-06-22 15:13:41,503 - 18451/MainThread - ClaptonBase.serial_instance:serial_instance.check_master [INFO] Master: False
2016-06-22 15:13:41,504 - 18451/MainThread - ClaptonBase.serial_instance:serial_instance.stop [INFO] Parando SerialInstance.
2016-06-22 15:13:41,504 - 18451/MainThread - ClaptonBase.serial_instance:serial_instance.__init__ [INFO] Iniciando SerialInstance.
2016-06-22 15:13:41,504 - 18451/MainThread - ClaptonBase.serial_instance:serial_instance.check_master [INFO] Chequeando estado del master.
2016-06-22 15:13:41,505 - 18451/MainThread - ClaptonBase.serial_instance:serial_instance.check_master [INFO] Bloqueando puerto serie.
2016-06-22 15:13:41,505 - 18451/MainThread - ClaptonBase.serial_instance:serial_instance.stop [INFO] Parando SerialInstance.
2016-06-22 15:13:41,505 - 18451/MainThread - ClaptonBase.serial_instance:serial_instance.__init__ [INFO] Iniciando SerialInstance.
2016-06-22 15:13:41,506 - 18451/Thread-16 - ClaptonBase.serial_instance:serial_instance._connection [INFO] Iniciando ConnectionThread.
2016-06-22 15:13:41,511 - 18451/MainThread - ClaptonBase.serial_instance:serial_instance.check_master [INFO] Chequeando estado del master.
2016-06-22 15:13:41,516 - 18451/MainThread - ClaptonBase.serial_instance:serial_instance.check_master [INFO] Bloqueando puerto serie.
2016-06-22 15:13:43,525 - 18451/MainThread - ClaptonBase.serial_instance:serial_instance.check_master [INFO] Master: True
2016-06-22 15:13:44,365 - 18451/MainThread - ClaptonBase.serial_instance:serial_instance.stop [INFO] Parando SerialInstance.
2016-06-22 15:14:24,183 - 18512/MainThread - ClaptonBase.serial_instance:serial_instance.__init__ [INFO] Iniciando SerialInstance.
2016-06-22 15:14:24,184 - 18512/Thread-1 - ClaptonBase.serial_instance:serial_instance._connection [INFO] Iniciando ConnectionThread.
2016-06-22 15:14:24,189 - 18512/MainThread - ClaptonBase.serial_instance:serial_instance.check_master [INFO] Chequeando estado del master.
2016-06-22 15:14:24,189 - 18512/MainThread - ClaptonBase.serial_instance:serial_instance.check_master [INFO] Bloqueando puerto serie.
2016-06-22 15:14:26,190 - 18512/MainThread - ClaptonBase.serial_instance:serial_instance.check_master [INFO] Master: True
2016-06-22 15:14:26,237 - 18512/MainThread - ClaptonBase.serial_instance:serial_instance.stop [INFO] Parando SerialInstance.
2016-06-22 15:14:26,270 - 18512/MainThread - ClaptonBase.serial_instance:serial_instance.__init__ [INFO] Iniciando SerialInstance.
2016-06-22 15:14:26,270 - 18512/MainThread - ClaptonBase.serial_instance:serial_instance._do_connect [ERROR] Error intentando abrir el puerto serie: [Errno 2] No such file or directory: 'puerto'
2016-06-22 15:14:26,270 - 18512/MainThread - ClaptonBase.serial_instance:serial_instance.stop [INFO] Parando SerialInstance.
2016-06-22 15:14:26,270 - 18512/MainThread - ClaptonBase.serial_instance:serial_instance.__init__ [INFO] Iniciando SerialInstance.
2016-06-22 15:14:26,271 - 18512/MainThread - ClaptonBase.serial_instance:serial_instance._do_reconect [ERROR] Perdimos la conexion con el puerto serie. Se intenta reconectar.
2016-06-22 15:14:26,271 - 18512/MainThread - ClaptonBase.serial_instance:serial_instance.stop [INFO] Parando SerialInstance.
2016-06-22 15:14:26,271 - 18512/MainThread - ClaptonBase.serial_instance:serial_instance.__init__ [INFO] Iniciando SerialInstance.
2016-06-22 15:14:26,271 - 18512/MainThread - ClaptonBase.serial_instance:serial_instance._do_reconect [ERROR] Perdimos la conexion con el puerto serie. Se intenta reconectar.
2016-06-22 15:14:26,271 - 18512/MainThread - ClaptonBase.serial_instance:serial_instance._do_reconect [ERROR] Error intentando abrir el puerto serie: 
2016-06-22 15:14:26,693 - 18512/MainThread - ClaptonBase.serial_instance:serial_instance.stop [INFO] Parando SerialInstance.
2016-06-22 15:14:26,694 - 18512/MainThread - ClaptonBase.serial_instance:serial_instance.__init__ [INFO] Iniciando SerialInstance.
2016-06-22 15:14:26,695 - 18512/MainThread - ClaptonBase.serial_instance:serial_instance._do_reconect [ERROR] Perdimos la conexion con el puerto serie. Se intenta reconectar.
2016-06-22 15:14:26,696 - 18512/MainThread - ClaptonBase.serial_instance:serial_instance._do_reconect [ERROR] Error intentando abrir el puerto serie: 
2016-06-22 15:14:26,766 - 18512/MainThread - ClaptonBase.serial_instance:serial_instance._do_reconect [ERROR] Error intentando abrir el puerto serie: 
2016-06-22 15:14:27,298 - 18512/MainThread - ClaptonBase.serial_instance:serial_instance._do_reconect [ERROR] Error intentando abrir el puerto serie: 
2016-06-22 15:14:27,891 - 18512/MainThread - ClaptonBase.serial_instance:serial_instance._do_reconect [ERROR] Error intentando abrir el puerto serie: 
2016-06-22 15:14:28,534 - 18512/MainThread - ClaptonBase.serial_instance:serial_instance._do_reconect [ERROR] Error intentando abrir el puerto serie: 
2016-06-22 15:14:33,651 - 18512/MainThread - ClaptonBase.serial_instance:serial_instance._do_reconect [ERROR] Error intentando abrir el puerto serie: 
2016-06-22 15:14:39,485 - 18512/MainThread - ClaptonBase.serial_instance:serial_instance.stop [INFO] Parando SerialInstance.
2016-06-22 15:14:39,486 - 18512/MainThread - ClaptonBase.serial_instance:serial_instance.__init__ [INFO] Iniciando SerialInstance.
2016-06-22 15:14:39,488 - 18512/MainThread - ClaptonBase.serial_instance:serial_instance.stop [INFO] Parando SerialInstance.
2016-06-22 15:14:39,488 - 18512/MainThread - ClaptonBase.serial_instance:serial_instance.__init__ [INFO] Iniciando SerialInstance.
2016-06-22 15:14:39,492 - 18512/MainThread - ClaptonBase.serial_instance:serial_instance.stop [INFO] Parando SerialInstance.
2016-06-22 15:14:39,492 - 18512/MainThread - ClaptonBase.serial_instance:serial_instance.__init__ [INFO] Iniciando SerialInstance.
2016-06-22 15:14:39,493 - 18512/MainThread - ClaptonBase.serial_instance:serial_instance.stop [INFO] Parando SerialInstance.
2016-06-22 15:14:39,493 - 18512/MainThread - ClaptonBase.serial_instance:serial_instance.__init__ [INFO] Iniciando SerialInstance.
2016-06-22 15:14:39,494 - 18512/MainThread - ClaptonBase.serial_instance:serial_instance.send_paq [ERROR] No hay respuesta del echo en paquete para el nodo 1
2016-06-22 15:14:39,495 - 18512/MainThread - ClaptonBase.serial_instance:serial_instance.stop [INFO] Parando SerialInstance.
2016-06-22 15:14:39,495 - 18512/MainThread - ClaptonBase.serial_instance:serial_instance.__init__ [INFO] Iniciando SerialInstance.
2016-06-22 15:14:39,496 - 18512/MainThread - ClaptonBase.serial_instance:serial_instance.stop [INFO] Parando SerialInstance.
2016-06-22 15:14:39,496 - 18512/MainThread - ClaptonBase.serial_instance:serial_instance.__init__ [INFO] Iniciando SerialInstance.
2016-06-22 15:14:39,497 - 18512/MainThread - ClaptonBase.serial_instance:serial_instance.stop [INFO] Parando SerialInstance.
2016-06-22 15:14:39,497 - 18512/MainThread - ClaptonBase.serial_instance:serial_instance.__init__ [INFO] Iniciando SerialInstance.
2016-06-22 15:14:39,497 - 18512/MainThread - ClaptonBase.serial_instance:serial_instance.read_paq [ERROR] Error en puerto serie.
2016-06-22 15:14:39,497 - 18512/MainThread - ClaptonBase.serial_instance:serial_instance.stop [INFO] Parando SerialInstance.
2016-06-22 15:14:39,498 - 18512/MainThread - ClaptonBase.serial_instance:serial_instance.__init__ [INFO] Iniciando SerialInstance.
2016-06-22 15:14:39,498 - 18512/MainThread - ClaptonBase.serial_instance:serial_instance.check_master [INFO] Chequeando estado del master.
2016-06-22 15:14:39,498 - 18512/MainThread - ClaptonBase.serial_instance:serial_instance.check_master [INFO] Bloqueando puerto serie.
2016-06-22 15:14:41,498 - 18512/MainThread - ClaptonBase.serial_instance:serial_instance.check_master [INFO] Master: True
2016-06-22 15:14:41,498 - 18512/MainThread - ClaptonBase.serial_instance:serial_instance.stop [INFO] Parando SerialInstance.
2016-06-22 15:14:41,499 - 18512/MainThread - ClaptonBase.serial_instance:serial_instance.__init__ [INFO] Iniciando SerialInstance.
2016-06-22 15:14:41,499 - 18512/MainThread - ClaptonBase.serial_instance:serial_instance.check_master [INFO] Chequeando estado del master.
2016-06-22 15:14:41,499 - 18512/MainThread - ClaptonBase.serial_instance:serial_instance.check_master [INFO] Bloqueando puerto serie.
2016-06-22 15:14:41,499 - 18512/MainThread - ClaptonBase.serial_instance:serial_instance.check_master [INFO] Master: False
2016-06-22 15:14:41,499 - 18512/MainThread - ClaptonBase.serial_instance:serial_instance.stop [INFO] Parando SerialInstance.
2016-06-22 15:14:41,500 - 18512/MainThread - ClaptonBase.serial_instance:serial_instance.__init__ [INFO] Iniciando SerialInstance.
2016-06-22 15:14:41,500 - 18512/MainThread - ClaptonBase.serial_instance:serial_instance.check_master [INFO] Chequeando estado del master.
2016-06-22 15:14:41,500 - 18512/MainThread - ClaptonBase.serial_instance:serial_instance.check_master [INFO] Bloqueando puerto serie.
2016-06-22 15:14:41,500 - 18512/MainThread - ClaptonBase.serial_instance:serial_instance.stop [INFO] Parando SerialInstance.
2016-06-22 15:14:41,500 - 18512/MainThread - ClaptonBase.serial_instance:serial_instance.__init__ [INFO] Iniciando SerialInstance.
2016-06-22 15:14:41,501 - 18512/Thread-16 - ClaptonBase.serial_instance:serial_instance._connection [INFO] Iniciando ConnectionThread.
2016-06-22 15:14:41,501 - 18512/MainThread - ClaptonBase.serial_instance:serial_instance.check_master [INFO] Chequeando estado del master.
2016-06-22 15:14:41,506 - 18512/MainThread - ClaptonBase.serial_instance:serial_instance.check_master [INFO] Bloqueando puerto serie.
2016-06-22 15:14:43,545 - 18512/MainThread - ClaptonBase.serial_instance:serial_instance.check_master [INFO] Master: True
2016-06-22 15:14:48,287 - 18512/MainThread - ClaptonBase.serial_instance:serial_instance.stop [INFO] Parando SerialInstance.
2016-12-02 14:31:23,026 - 1229/MainThread - ClaptonBase.serial_instance:serial_instance.__init__ [INFO] Iniciando SerialInstance.
2016-12-02 14:31:23,046 - 1229/Thread-1 - ClaptonBase.serial_instance:serial_instance._connection [INFO] Iniciando ConnectionThread.
2016-12-02 14:31:23,066 - 1229/Thread-1 - ClaptonBase.serial_instance:serial_instance.check_master [INFO] Chequeando estado del master.
2016-12-02 14:31:23,069 - 1229/Thread-1 - ClaptonBase.serial_instance:serial_instance.check_master [INFO] Bloqueando puerto serie.
2016-12-02 14:31:25,077 - 1229/Thread-1 - ClaptonBase.serial_instance:serial_instance.check_master [INFO] Master: True
2017-09-11 11:26:51,671 - 8901/MainThread - ClaptonBase.serial_instance:serial_instance.__init__ [INFO] Iniciando SerialInstance.
2017-09-11 11:26:51,721 - 8901/Thread-309 - ClaptonBase.serial_instance:serial_instance._connection [INFO] Iniciando ConnectionThread.
2017-09-11 11:26:51,722 - 8901/Thread-309 - ClaptonBase.serial_instance:serial_instance.check_master [INFO] Chequeando estado del master.
2017-09-11 11:26:51,722 - 8901/Thread-309 - ClaptonBase.serial_instance:serial_instance.check_master [INFO] Bloqueando puerto serie.
2017-09-11 11:26:53,722 - 8901/Thread-309 - ClaptonBase.serial_instance:serial_instance.check_master [INFO] Master: True
2017-09-11 11:37:06,574 - 10218/MainThread - ClaptonBase.serial_instance:serial_instance.__init__ [INFO] Iniciando SerialInstance.
2017-09-11 11:37:06,575 - 10218/Thread-111 - ClaptonBase.serial_instance:serial_instance._connection [INFO] Iniciando ConnectionThread.
2017-09-11 11:37:06,576 - 10218/Thread-111 - ClaptonBase.serial_instance:serial_instance.check_master [INFO] Chequeando estado del master.
2017-09-11 11:37:06,587 - 10218/Thread-111 - ClaptonBase.serial_instance:serial_instance.check_master [INFO] Bloqueando puerto serie.
2017-09-11 11:37:08,587 - 10218/Thread-111 - ClaptonBase.serial_instance:serial_instance.check_master [INFO] Master: True
2017-09-11 11:51:09,573 - 11039/MainThread - ClaptonBase.serial_instance:serial_instance.__init__ [INFO] Iniciando SerialInstance.
2017-09-11 11:51:09,574 - 11039/Thread-53 - ClaptonBase.serial_instance:serial_instance._connection [INFO] Iniciando ConnectionThread.
2017-09-11 11:51:09,575 - 11039/Thread-53 - ClaptonBase.serial_instance:serial_instance.check_master [INFO] Chequeando estado del master.
2017-09-11 11:51:09,575 - 11039/Thread-53 - ClaptonBase.serial_instance:serial_instance.check_master [INFO] Bloqueando puerto serie.
2017-09-11 11:51:11,575 - 11039/Thread-53 - ClaptonBase.serial_instance:serial_instance.check_master [INFO] Master: True
2017-09-11 12:43:58,140 - 13473/MainThread - ClaptonBase.serial_instance:serial_instance.__init__ [INFO] Iniciando SerialInstance.
2017-09-11 12:43:58,141 - 13473/Thread-34 - ClaptonBase.serial_instance:serial_instance._connection [INFO] Iniciando ConnectionThread.
2017-09-11 12:43:58,142 - 13473/Thread-34 - ClaptonBase.serial_instance:serial_instance.check_master [INFO] Chequeando estado del master.
2017-09-11 12:43:58,142 - 13473/Thread-34 - ClaptonBase.serial_instance:serial_instance.check_master [INFO] Bloqueando puerto serie.
2017-09-11 12:44:00,142 - 13473/Thread-34 - ClaptonBase.serial_instance:serial_instance.check_master [INFO] Master: True
2018-03-07 12:29:42,440 - 13176/MainThread - ClaptonBase.serial_instance:serial_instance.__init__ [INFO] Iniciando SerialInstance.
2018-03-07 12:29:50,512 - 13176/Thread-146 - ClaptonBase.serial_instance:serial_instance._connection [INFO] Iniciando ConnectionThread.
2018-03-07 12:29:50,512 - 13176/Thread-146 - ClaptonBase.serial_instance:serial_instance._do_connect [ERROR] Error intentando abrir el puerto serie: [Errno 2] could not open port /dev/ttyAMA0: [Errno 2] No such file or directory: '/dev/ttyAMA0'
